{
  "/Users/benquinn/work/bjss-lbtt-calc/src/index.js": {
    "path": "/Users/benquinn/work/bjss-lbtt-calc/src/index.js",
    "statementMap": {
      "0": {
        "start": { "line": 1, "column": 0 },
        "end": { "line": 3, "column": 1 }
      },
      "1": {
        "start": { "line": 2, "column": 4 },
        "end": { "line": 2, "column": 25 }
      }
    },
    "fnMap": {
      "0": {
        "name": "(anonymous_0)",
        "decl": {
          "start": { "line": 1, "column": 24 },
          "end": { "line": 1, "column": 25 }
        },
        "loc": {
          "start": { "line": 1, "column": 36 },
          "end": { "line": 3, "column": 1 }
        },
        "line": 1
      }
    },
    "branchMap": {},
    "s": { "0": 1, "1": 4 },
    "f": { "0": 4 },
    "b": {},
    "_coverageSchema": "1a1c01bbd47fc00a2c39e90264f33305004495a9",
    "hash": "7a3203b0907dd7e33fa92c86a9189cf6f93f3e71"
  }
}
